[13:02:06.959]     INFO: *** Welcome to pxar ***
[13:02:06.959]     INFO: *** Today: 2017/11/11
[13:02:06.973]     INFO: *** Version: v2.7.6-38-g63c3
[13:02:06.974]     INFO: readRocDacs: ../../conf/D4305/dacParameters_C0.dat .. ../../conf/D4305/dacParameters_C15.dat
[13:02:06.975]     INFO: readTbmDacs: ../../conf/D4305/tbmParameters_C0a.dat .. ../../conf/D4305/tbmParameters_C0b.dat
[13:02:06.975]     INFO: readMaskFile: ../../conf/D4305/defaultMaskFile.dat
[13:02:06.975]     INFO: readTrimFile: ../../conf/D4305/trimParameters_C0.dat .. ../../conf/D4305/trimParameters_C15.dat
[13:02:07.029]     INFO:         clk: 4
[13:02:07.029]     INFO:         ctr: 4
[13:02:07.029]     INFO:         sda: 19
[13:02:07.029]     INFO:         tin: 9
[13:02:07.029]     INFO:         level: 15
[13:02:07.029]     INFO:         triggerdelay: 0
[13:02:07.029]    QUIET: Instanciating API for pxar v2.7.6+38~g63c3246
[13:02:07.029]     INFO: Log level: INFO
[13:02:07.042]    QUIET: Connection to board DTB_WS65DL opened.
[13:02:07.046]     INFO: DTB startup information
--- DTB info------------------------------------------
Board id:    72
HW version:  DTB1.2
FW version:  4.2
SW version:  4.2
USB id:      DTB_WS65DL
MAC address: 40D855118048
Hostname:    pixelDTB072
Comment:     
------------------------------------------------------
[13:02:07.049]     INFO: RPC call hashes of host and DTB match: 447413373
[13:02:07.881] CRITICAL: <hal.cc/setTestboardDelays:L164> _testboard->Deser400_SetPhaseAutoAll() not available in this firmware.
[13:02:08.182]  WARNING: Pixel 44, 58 trim value 16 exceeds limit. Set to 15.
[13:02:08.183]  WARNING: Pixel 47, 31 trim value 16 exceeds limit. Set to 15.
[13:02:08.183]  WARNING: Pixel 48, 30 trim value 16 exceeds limit. Set to 15.
[13:02:08.183]  WARNING: Pixel 48, 31 trim value 16 exceeds limit. Set to 15.
[13:02:08.183]  WARNING: Pixel 48, 32 trim value 16 exceeds limit. Set to 15.
[13:02:08.183]  WARNING: Pixel 49, 29 trim value 16 exceeds limit. Set to 15.
[13:02:08.183]  WARNING: Pixel 49, 30 trim value 16 exceeds limit. Set to 15.
[13:02:08.183]  WARNING: Pixel 49, 31 trim value 16 exceeds limit. Set to 15.
[13:02:08.183]  WARNING: Pixel 49, 32 trim value 16 exceeds limit. Set to 15.
[13:02:08.183]  WARNING: Pixel 50, 30 trim value 16 exceeds limit. Set to 15.
[13:02:08.183]  WARNING: Pixel 50, 31 trim value 16 exceeds limit. Set to 15.
[13:02:08.183]  WARNING: Pixel 50, 32 trim value 16 exceeds limit. Set to 15.
[13:02:08.183]  WARNING: Pixel 51, 29 trim value 16 exceeds limit. Set to 15.
[13:02:08.183]  WARNING: Pixel 51, 30 trim value 16 exceeds limit. Set to 15.
[13:02:08.183]  WARNING: Pixel 51, 31 trim value 16 exceeds limit. Set to 15.
[13:02:08.183]  WARNING: Pixel 51, 32 trim value 16 exceeds limit. Set to 15.
[13:02:08.707]     INFO: DUT info: 
[13:02:08.707]     INFO: The DUT currently contains the following objects:
[13:02:08.707]     INFO:  2 TBM Cores tbm08c (2 ON)
[13:02:08.707]     INFO: 	TBM Core alpha (0): 6 registers set
[13:02:08.707]     INFO: 	TBM Core beta  (1): 6 registers set
[13:02:08.707]     INFO: 16 ROCs psi46digv21respin (16 ON) with 4160 pixelConfigs
[13:02:08.707]     INFO: 	ROC 0: 19 DACs set, Pixels: 0 masked, 0 active.
[13:02:08.707]     INFO: 	ROC 1: 19 DACs set, Pixels: 0 masked, 0 active.
[13:02:08.707]     INFO: 	ROC 2: 19 DACs set, Pixels: 0 masked, 0 active.
[13:02:08.707]     INFO: 	ROC 3: 19 DACs set, Pixels: 0 masked, 0 active.
[13:02:08.707]     INFO: 	ROC 4: 19 DACs set, Pixels: 0 masked, 0 active.
[13:02:08.707]     INFO: 	ROC 5: 19 DACs set, Pixels: 0 masked, 0 active.
[13:02:08.707]     INFO: 	ROC 6: 19 DACs set, Pixels: 0 masked, 0 active.
[13:02:08.707]     INFO: 	ROC 7: 19 DACs set, Pixels: 0 masked, 0 active.
[13:02:08.707]     INFO: 	ROC 8: 19 DACs set, Pixels: 0 masked, 0 active.
[13:02:08.707]     INFO: 	ROC 9: 19 DACs set, Pixels: 0 masked, 0 active.
[13:02:08.708]     INFO: 	ROC 10: 19 DACs set, Pixels: 0 masked, 0 active.
[13:02:08.708]     INFO: 	ROC 11: 19 DACs set, Pixels: 0 masked, 0 active.
[13:02:08.708]     INFO: 	ROC 12: 19 DACs set, Pixels: 0 masked, 0 active.
[13:02:08.708]     INFO: 	ROC 13: 19 DACs set, Pixels: 0 masked, 0 active.
[13:02:08.708]     INFO: 	ROC 14: 19 DACs set, Pixels: 0 masked, 0 active.
[13:02:08.708]     INFO: 	ROC 15: 19 DACs set, Pixels: 0 masked, 0 active.
[13:02:10.574]     INFO: PixTestCmd::init()
[13:02:10.601]     INFO: readGainPedestalParameters ../../conf/D4305/phCalibrationFitErr_C0.dat .. ../../conf/D4305/phCalibrationFitErr_C15.dat
[13:02:10.601]    ERROR: <ConfigParameters.cc/readGainPedestalParameters:L1005> cannot open ../../conf/D4305/phCalibrationFitErr_C0.dat for reading PH calibration constants
[13:02:10.674]     INFO: readReadbackCal: ../../conf/D4305/readbackCal_C0.dat .. ../../conf/D4305/readbackCal_C15.dat
[13:02:10.675]     INFO: readGainPedestalParameters ../../conf/D4305/phCalibrationFitErr_C0.dat .. ../../conf/D4305/phCalibrationFitErr_C15.dat
[13:02:10.675]    ERROR: <ConfigParameters.cc/readGainPedestalParameters:L1005> cannot open ../../conf/D4305/phCalibrationFitErr_C0.dat for reading PH calibration constants
[13:02:10.704]     INFO: readGainPedestalParameters ../../conf/D4305/phCalibrationFitErr_C0.dat .. ../../conf/D4305/phCalibrationFitErr_C15.dat
[13:02:10.705]    ERROR: <ConfigParameters.cc/readGainPedestalParameters:L1005> cannot open ../../conf/D4305/phCalibrationFitErr_C0.dat for reading PH calibration constants
[13:02:28.150]     INFO: PixTestDacDacScan: caldel[0, 255] vs. vthrcomp[0, 255] readouts, ntrig = 10, npixels = 1
[13:02:28.293]     INFO: Expecting 655360 events.
[13:02:43.272]    ERROR: <datapipe.cc/CheckEventValidity:L502> Channel 0 detected a PKAM reset, event cleared.
[13:02:43.273]    ERROR: <datapipe.cc/CheckEventValidity:L502> Channel 1 detected a PKAM reset, event cleared.
[13:02:47.769] CRITICAL: <hal.cc/daqAllEvents:L1674> _testboard->Daq_MemReset() is not available in this firmware.
[13:02:47.770] CRITICAL: <hal.cc/daqAllEvents:L1674> _testboard->Daq_MemReset() is not available in this firmware.
[13:02:48.081]     INFO: 655360 events read in total (19068ms).
[13:02:48.095]     INFO: Test took 19939ms.
[13:02:48.295]     INFO: dac dac scan done problems observed: 68
[13:03:04.603]    QUIET: Connection to board 72 closed.
