[13:24:00.424]     INFO: *** Welcome to pxar ***
[13:24:00.424]     INFO: *** Today: 2016/11/11
[13:24:00.433]     INFO: *** Version: v2.7.6-64-ga6818-dirty
[13:24:00.434]     INFO: readRocDacs: /home/schuep/testbeam/testbeam-configs/D4294//dacParameters_C0.dat .. /home/schuep/testbeam/testbeam-configs/D4294//dacParameters_C15.dat
[13:24:00.434]     INFO: readTbmDacs: /home/schuep/testbeam/testbeam-configs/D4294//tbmParameters_C0a.dat .. /home/schuep/testbeam/testbeam-configs/D4294//tbmParameters_C0b.dat
[13:24:00.435]     INFO: readMaskFile: /home/schuep/testbeam/testbeam-configs/D4294//defaultMaskFile.dat
[13:24:00.435]     INFO: readTrimFile: /home/schuep/testbeam/testbeam-configs/D4294//trimParameters_C0.dat .. /home/schuep/testbeam/testbeam-configs/D4294//trimParameters_C15.dat
[13:24:00.531]     INFO:         clk: 4
[13:24:00.531]     INFO:         ctr: 4
[13:24:00.531]     INFO:         sda: 19
[13:24:00.531]     INFO:         tin: 9
[13:24:00.531]     INFO:         level: 15
[13:24:00.531]     INFO:         triggerdelay: 0
[13:24:00.531]    QUIET: Instanciating API for pxar v2.7.6+63~g0a706f8
[13:24:00.531]     INFO: Log level: INFO
[13:24:00.540]    QUIET: Connection to board DTB_WS6RCR opened.
[13:24:00.542]     INFO: DTB startup information
--- DTB info------------------------------------------
Board id:    79
HW version:  DTB1.2
FW version:  4.6
SW version:  4.7
Options:     LCDS2
USB id:      DTB_WS6RCR
MAC address: 40D85511804F
Hostname:    pixelDTB079
Comment:     
------------------------------------------------------
[13:24:00.544]     INFO: RPC call hashes of host and DTB match: 486171790
[13:24:02.158]     INFO: DUT info: 
[13:24:02.158]     INFO: The DUT currently contains the following objects:
[13:24:02.158]     INFO:  2 TBM Cores tbm08c (2 ON)
[13:24:02.158]     INFO: 	TBM Core alpha (0): 7 registers set
[13:24:02.158]     INFO: 	TBM Core beta  (1): 7 registers set
[13:24:02.158]     INFO: 16 ROCs psi46digv21respin (16 ON) with 4160 pixelConfigs
[13:24:02.158]     INFO: 	ROC 0: 19 DACs set, Pixels: 0 masked, 0 active.
[13:24:02.158]     INFO: 	ROC 1: 19 DACs set, Pixels: 0 masked, 0 active.
[13:24:02.158]     INFO: 	ROC 2: 19 DACs set, Pixels: 0 masked, 0 active.
[13:24:02.159]     INFO: 	ROC 3: 19 DACs set, Pixels: 0 masked, 0 active.
[13:24:02.159]     INFO: 	ROC 4: 19 DACs set, Pixels: 0 masked, 0 active.
[13:24:02.159]     INFO: 	ROC 5: 19 DACs set, Pixels: 0 masked, 0 active.
[13:24:02.159]     INFO: 	ROC 6: 19 DACs set, Pixels: 0 masked, 0 active.
[13:24:02.159]     INFO: 	ROC 7: 19 DACs set, Pixels: 0 masked, 0 active.
[13:24:02.159]     INFO: 	ROC 8: 19 DACs set, Pixels: 0 masked, 0 active.
[13:24:02.159]     INFO: 	ROC 9: 19 DACs set, Pixels: 0 masked, 0 active.
[13:24:02.159]     INFO: 	ROC 10: 19 DACs set, Pixels: 0 masked, 0 active.
[13:24:02.159]     INFO: 	ROC 11: 19 DACs set, Pixels: 0 masked, 0 active.
[13:24:02.159]     INFO: 	ROC 12: 19 DACs set, Pixels: 0 masked, 0 active.
[13:24:02.159]     INFO: 	ROC 13: 19 DACs set, Pixels: 0 masked, 0 active.
[13:24:02.159]     INFO: 	ROC 14: 19 DACs set, Pixels: 0 masked, 0 active.
[13:24:02.159]     INFO: 	ROC 15: 19 DACs set, Pixels: 0 masked, 0 active.
[13:24:03.505]     INFO: PixTestCmd::init()
[13:24:03.526]     INFO: readGainPedestalParameters /home/schuep/testbeam/testbeam-configs/D4294//phCalibrationFitErr_C0.dat .. /home/schuep/testbeam/testbeam-configs/D4294//phCalibrationFitErr_C15.dat
[13:24:03.526]    ERROR: <ConfigParameters.cc/readGainPedestalParameters:L1005> cannot open /home/schuep/testbeam/testbeam-configs/D4294//phCalibrationFitErr_C0.dat for reading PH calibration constants
[13:24:03.577]     INFO: readReadbackCal: /home/schuep/testbeam/testbeam-configs/D4294//readbackCal_C0.dat .. /home/schuep/testbeam/testbeam-configs/D4294//readbackCal_C15.dat
[13:24:03.577]     INFO: readGainPedestalParameters /home/schuep/testbeam/testbeam-configs/D4294//phCalibrationFitErr_C0.dat .. /home/schuep/testbeam/testbeam-configs/D4294//phCalibrationFitErr_C15.dat
[13:24:03.577]    ERROR: <ConfigParameters.cc/readGainPedestalParameters:L1005> cannot open /home/schuep/testbeam/testbeam-configs/D4294//phCalibrationFitErr_C0.dat for reading PH calibration constants
[13:24:03.600]     INFO: readGainPedestalParameters /home/schuep/testbeam/testbeam-configs/D4294//phCalibrationFitErr_C0.dat .. /home/schuep/testbeam/testbeam-configs/D4294//phCalibrationFitErr_C15.dat
[13:24:03.600]    ERROR: <ConfigParameters.cc/readGainPedestalParameters:L1005> cannot open /home/schuep/testbeam/testbeam-configs/D4294//phCalibrationFitErr_C0.dat for reading PH calibration constants
[13:24:17.738]    QUIET: Connection to board 79 closed.
