[18:49:41.435]     INFO: *** Welcome to pxar ***
[18:49:41.436]     INFO: *** Today: 2017/11/11
[18:49:41.482]     INFO: *** Version: v2.7.6-38-g63c3
[18:49:41.482]     INFO: readRocDacs: ../../conf/D4305/dacParameters_C0.dat .. ../../conf/D4305/dacParameters_C15.dat
[18:49:41.483]     INFO: readTbmDacs: ../../conf/D4305/tbmParameters_C0a.dat .. ../../conf/D4305/tbmParameters_C0b.dat
[18:49:41.483]     INFO: readMaskFile: ../../conf/D4305/defaultMaskFile.dat
[18:49:41.483]     INFO: readTrimFile: ../../conf/D4305/trimParameters_C0.dat .. ../../conf/D4305/trimParameters_C15.dat
[18:49:41.649]     INFO:         clk: 4
[18:49:41.669]     INFO:         ctr: 4
[18:49:41.669]     INFO:         sda: 19
[18:49:41.669]     INFO:         tin: 9
[18:49:41.669]     INFO:         level: 15
[18:49:41.669]     INFO:         triggerdelay: 0
[18:49:41.670]    QUIET: Instanciating API for pxar v2.7.6+38~g63c3246
[18:49:41.670]     INFO: Log level: INFO
[18:49:41.843]    QUIET: Connection to board DTB_WS65DL opened.
[18:49:41.873]     INFO: DTB startup information
--- DTB info------------------------------------------
Board id:    72
HW version:  DTB1.2
FW version:  4.2
SW version:  4.2
USB id:      DTB_WS65DL
MAC address: 40D855118048
Hostname:    pixelDTB072
Comment:     
------------------------------------------------------
[18:49:41.942]     INFO: RPC call hashes of host and DTB match: 447413373
[18:49:42.812] CRITICAL: <hal.cc/setTestboardDelays:L164> _testboard->Deser400_SetPhaseAutoAll() not available in this firmware.
[18:49:43.830]  WARNING: Pixel 44, 58 trim value 16 exceeds limit. Set to 15.
[18:49:43.830]  WARNING: Pixel 47, 31 trim value 16 exceeds limit. Set to 15.
[18:49:43.830]  WARNING: Pixel 48, 30 trim value 16 exceeds limit. Set to 15.
[18:49:43.830]  WARNING: Pixel 48, 31 trim value 16 exceeds limit. Set to 15.
[18:49:43.830]  WARNING: Pixel 48, 32 trim value 16 exceeds limit. Set to 15.
[18:49:43.830]  WARNING: Pixel 49, 29 trim value 16 exceeds limit. Set to 15.
[18:49:43.830]  WARNING: Pixel 49, 30 trim value 16 exceeds limit. Set to 15.
[18:49:43.830]  WARNING: Pixel 49, 31 trim value 16 exceeds limit. Set to 15.
[18:49:43.831]  WARNING: Pixel 49, 32 trim value 16 exceeds limit. Set to 15.
[18:49:43.831]  WARNING: Pixel 50, 30 trim value 16 exceeds limit. Set to 15.
[18:49:43.831]  WARNING: Pixel 50, 31 trim value 16 exceeds limit. Set to 15.
[18:49:43.831]  WARNING: Pixel 50, 32 trim value 16 exceeds limit. Set to 15.
[18:49:43.831]  WARNING: Pixel 51, 29 trim value 16 exceeds limit. Set to 15.
[18:49:43.831]  WARNING: Pixel 51, 30 trim value 16 exceeds limit. Set to 15.
[18:49:43.831]  WARNING: Pixel 51, 31 trim value 16 exceeds limit. Set to 15.
[18:49:43.831]  WARNING: Pixel 51, 32 trim value 16 exceeds limit. Set to 15.
[18:49:44.876]     INFO: DUT info: 
[18:49:44.876]     INFO: The DUT currently contains the following objects:
[18:49:44.876]     INFO:  2 TBM Cores tbm08c (2 ON)
[18:49:44.876]     INFO: 	TBM Core alpha (0): 6 registers set
[18:49:44.877]     INFO: 	TBM Core beta  (1): 6 registers set
[18:49:44.877]     INFO: 16 ROCs psi46digv21respin (16 ON) with 4160 pixelConfigs
[18:49:44.877]     INFO: 	ROC 0: 19 DACs set, Pixels: 0 masked, 0 active.
[18:49:44.877]     INFO: 	ROC 1: 19 DACs set, Pixels: 0 masked, 0 active.
[18:49:44.877]     INFO: 	ROC 2: 19 DACs set, Pixels: 0 masked, 0 active.
[18:49:44.878]     INFO: 	ROC 3: 19 DACs set, Pixels: 0 masked, 0 active.
[18:49:44.878]     INFO: 	ROC 4: 19 DACs set, Pixels: 0 masked, 0 active.
[18:49:44.878]     INFO: 	ROC 5: 19 DACs set, Pixels: 0 masked, 0 active.
[18:49:44.878]     INFO: 	ROC 6: 19 DACs set, Pixels: 0 masked, 0 active.
[18:49:44.878]     INFO: 	ROC 7: 19 DACs set, Pixels: 0 masked, 0 active.
[18:49:44.879]     INFO: 	ROC 8: 19 DACs set, Pixels: 0 masked, 0 active.
[18:49:44.879]     INFO: 	ROC 9: 19 DACs set, Pixels: 0 masked, 0 active.
[18:49:44.879]     INFO: 	ROC 10: 19 DACs set, Pixels: 0 masked, 0 active.
[18:49:44.879]     INFO: 	ROC 11: 19 DACs set, Pixels: 0 masked, 0 active.
[18:49:44.879]     INFO: 	ROC 12: 19 DACs set, Pixels: 0 masked, 0 active.
[18:49:44.880]     INFO: 	ROC 13: 19 DACs set, Pixels: 0 masked, 0 active.
[18:49:44.880]     INFO: 	ROC 14: 19 DACs set, Pixels: 0 masked, 0 active.
[18:49:44.880]     INFO: 	ROC 15: 19 DACs set, Pixels: 0 masked, 0 active.
[18:49:45.294]     INFO: enter 'restricted' command line mode
[18:49:45.294]     INFO: enter test to run
[18:49:48.657]     INFO:   test: quit no parameter change
[18:49:48.723]    QUIET: Connection to board 72 closed.
[18:49:48.761]     INFO: pXar: this is the end, my friend
